
< 15-05-13 08:50:35 >==============================================
Device is Inserted On Driver : [Hub6 Port2] [VER:0, SN:9&38cb7776&0#{53]
   Begin the USB Task...
   Step 1 disable...
   Begin Step 2... Action: Write, Chip: RAM, Address: 0xF8002000, File: D:\works\MINI DV\Data\secrecy\PRO\JH26XX\JH2651\Code\v001\writer\USBMassProductionTool/code/gp15b_ispbin.bin
   Step 2 - Start Time : 2015/05/13 AM 08:50:38:206
   Step 2 - End Time : 2015/05/13 AM 08:50:38:212
   Step 2 ok! Spent Time: 0.15s
   Begin Step 3... Action: Jump to Function, Chip: RAM, Address: 0xF8002000
   Step 3 - Start Time : 2015/05/13 AM 08:50:38:212
   Step 3 - End Time : 2015/05/13 AM 08:50:38:213
   Step 3 ok! Spent Time: 0.0s
   Begin Step 4... Action: Erase, Chip: SPI Nor Flash, Address: 0x0000, Length: 40
   Step 4 - Start Time : 2015/05/13 AM 08:50:38:213
   Step 4 - End Time : 2015/05/13 AM 08:50:53:898
   Step 4 ok! Spent Time: 15.678s
   Begin Step 5... Action: Write, Chip: SPI Nor Flash, Address: 0x0000, File: D:\works\MINI DV\Data\secrecy\PRO\JH26XX\JH2651\Code\v001\writer\USBMassProductionTool/output/cb_result.bin
   Step 5 - Start Time : 2015/05/13 AM 08:50:53:898
   Step 5 - End Time : 2015/05/13 AM 08:50:58:260
   Step 5 ok! Spent Time: 4.368s
   USB Task Finished! Spent Time: 20.61s
   Device is Pullouted.

< 15-05-13 08:54:02 >==============================================
Device is Inserted On Driver : [Hub6 Port2] [VER:0, SN:9&38cb7776&0#{53]
   Begin the USB Task...
   Step 1 disable...
   Begin Step 2... Action: Write, Chip: RAM, Address: 0xF8002000, File: D:\works\MINI DV\Data\secrecy\PRO\JH26XX\JH2651\Code\v001\writer\USBMassProductionTool/code/gp15b_ispbin.bin
   Step 2 - Start Time : 2015/05/13 AM 08:54:06:393
   Step 2 - End Time : 2015/05/13 AM 08:54:06:400
   Step 2 ok! Spent Time: 0.0s
   Begin Step 3... Action: Jump to Function, Chip: RAM, Address: 0xF8002000
   Step 3 - Start Time : 2015/05/13 AM 08:54:06:400
   Step 3 - End Time : 2015/05/13 AM 08:54:06:401
   Step 3 ok! Spent Time: 0.0s
   Begin Step 4... Action: Erase, Chip: SPI Nor Flash, Address: 0x0000, Length: 40
   Step 4 - Start Time : 2015/05/13 AM 08:54:06:401
   Step 4 - End Time : 2015/05/13 AM 08:54:22:272
   Step 4 ok! Spent Time: 15.881s
   Begin Step 5... Action: Write, Chip: SPI Nor Flash, Address: 0x0000, File: D:\works\MINI DV\Data\secrecy\PRO\JH26XX\JH2651\Code\v001\writer\USBMassProductionTool/output/cb_result.bin
   Step 5 - Start Time : 2015/05/13 AM 08:54:22:275
   Step 5 - End Time : 2015/05/13 AM 08:54:26:648
   Step 5 ok! Spent Time: 4.368s
   USB Task Finished! Spent Time: 20.249s
   Device is Pullouted.

< 15-05-13 08:55:45 >==============================================
Device is Inserted On Driver : [Hub6 Port2] [VER:0, SN:9&2951710d&1#{53]
   Device is Pullouted.

< 15-05-13 08:57:11 >==============================================
Device is Inserted On Driver : [Hub6 Port2] [VER:0, SN:9&2951710d&1#{53]
   Device is Pullouted.

< 15-05-13 08:58:04 >==============================================
Device is Inserted On Driver : [Hub6 Port2] [VER:0, SN:9&2951710d&1#{53]
   Device is Pullouted.

< 15-05-13 09:08:26 >==============================================
Device is Inserted On Driver : [Hub6 Port2] [VER:0, SN:9&38cb7776&0#{53]
   Begin the USB Task...
   Step 1 disable...
   Begin Step 2... Action: Write, Chip: RAM, Address: 0xF8002000, File: D:\works\MINI DV\Data\secrecy\PRO\JH26XX\JH2651\Code\v001\writer\USBMassProductionTool/code/gp15b_ispbin.bin
   Step 2 - Start Time : 2015/05/13 AM 09:08:31:943
   Step 2 - End Time : 2015/05/13 AM 09:08:31:949
   Step 2 ok! Spent Time: 0.16s
   Begin Step 3... Action: Jump to Function, Chip: RAM, Address: 0xF8002000
   Step 3 - Start Time : 2015/05/13 AM 09:08:31:950
   Step 3 - End Time : 2015/05/13 AM 09:08:31:950
   Step 3 ok! Spent Time: 0.0s
   Begin Step 4... Action: Erase, Chip: SPI Nor Flash, Address: 0x0000, Length: 40
   Step 4 - Start Time : 2015/05/13 AM 09:08:31:950
   Step 4 - End Time : 2015/05/13 AM 09:08:47:634
   Step 4 ok! Spent Time: 15.678s
   Begin Step 5... Action: Write, Chip: SPI Nor Flash, Address: 0x0000, File: D:\works\MINI DV\Data\secrecy\PRO\JH26XX\JH2651\Code\v001\writer\USBMassProductionTool/output/cb_result.bin
   Step 5 - Start Time : 2015/05/13 AM 09:08:47:634
   Step 5 - End Time : 2015/05/13 AM 09:08:51:963
   Step 5 ok! Spent Time: 4.337s
   USB Task Finished! Spent Time: 20.31s
   Device is Pullouted.

< 15-05-13 09:09:12 >==============================================
Device is Inserted On Driver : [Hub6 Port2] [VER:0, SN:9&2951710d&1#{53]
   Device is Pullouted.

< 15-05-13 09:10:49 >==============================================
Device is Inserted On Driver : [Hub6 Port2] [VER:0, SN:9&2951710d&1#{53]
   Device is Pullouted.

< 15-05-13 09:16:54 >==============================================
Device is Inserted On Driver : [Hub6 Port2] [VER:0, SN:9&2951710d&1#{53]
   Device is Pullouted.

< 15-05-13 09:20:41 >==============================================
Device is Inserted On Driver : [Hub6 Port2] [VER:0, SN:9&38cb7776&0#{53]
   Begin the USB Task...
   Step 1 disable...
   Begin Step 2... Action: Write, Chip: RAM, Address: 0xF8002000, File: D:\works\MINI DV\Data\secrecy\PRO\JH26XX\JH2651\Code\v001\writer\USBMassProductionTool/code/gp15b_ispbin.bin
   Step 2 - Start Time : 2015/05/13 AM 09:20:43:585
   Step 2 - End Time : 2015/05/13 AM 09:20:43:592
   Step 2 ok! Spent Time: 0.15s
   Begin Step 3... Action: Jump to Function, Chip: RAM, Address: 0xF8002000
   Step 3 - Start Time : 2015/05/13 AM 09:20:43:592
   Step 3 - End Time : 2015/05/13 AM 09:20:43:592
   Step 3 ok! Spent Time: 0.0s
   Begin Step 4... Action: Erase, Chip: SPI Nor Flash, Address: 0x0000, Length: 40
   Step 4 - Start Time : 2015/05/13 AM 09:20:43:592
   Step 4 - End Time : 2015/05/13 AM 09:20:59:489
   Step 4 ok! Spent Time: 15.897s
   Begin Step 5... Action: Write, Chip: SPI Nor Flash, Address: 0x0000, File: D:\works\MINI DV\Data\secrecy\PRO\JH26XX\JH2651\Code\v001\writer\USBMassProductionTool/output/cb_result.bin
   Step 5 - Start Time : 2015/05/13 AM 09:20:59:489
   Step 5 - End Time : 2015/05/13 AM 09:21:03:847
   Step 5 ok! Spent Time: 4.352s
   USB Task Finished! Spent Time: 20.264s
   Device is Pullouted.

< 15-05-13 09:40:09 >==============================================
Device is Inserted On Driver : [Hub6 Port2] [VER:0, SN:9&38cb7776&0#{53]
   Begin the USB Task...
   Step 1 disable...
   Begin Step 2... Action: Write, Chip: RAM, Address: 0xF8002000, File: D:\works\MINI DV\Data\secrecy\PRO\JH26XX\JH2651\Code\v001\writer\USBMassProductionTool/code/gp15b_ispbin.bin
   Step 2 - Start Time : 2015/05/13 AM 09:40:12:350
   Step 2 - End Time : 2015/05/13 AM 09:40:12:357
   Step 2 ok! Spent Time: 0.16s
   Begin Step 3... Action: Jump to Function, Chip: RAM, Address: 0xF8002000
   Step 3 - Start Time : 2015/05/13 AM 09:40:12:357
   Step 3 - End Time : 2015/05/13 AM 09:40:12:358
   Step 3 ok! Spent Time: 0.0s
   Begin Step 4... Action: Erase, Chip: SPI Nor Flash, Address: 0x0000, Length: 40
   Step 4 - Start Time : 2015/05/13 AM 09:40:12:358
   Step 4 - End Time : 2015/05/13 AM 09:40:28:203
   Step 4 ok! Spent Time: 15.849s
   Begin Step 5... Action: Write, Chip: SPI Nor Flash, Address: 0x0000, File: D:\works\MINI DV\Data\secrecy\PRO\JH26XX\JH2651\Code\v001\writer\USBMassProductionTool/output/cb_result.bin
   Step 5 - Start Time : 2015/05/13 AM 09:40:28:203
   Step 5 - End Time : 2015/05/13 AM 09:40:32:561
   Step 5 ok! Spent Time: 4.353s
   USB Task Finished! Spent Time: 20.218s
   Device is Pullouted.

< 15-05-13 09:41:17 >==============================================
Device is Inserted On Driver : [Hub6 Port2] [VER:0, SN:9&2951710d&1#{53]
   Device is Pullouted.

< 15-05-13 09:41:59 >==============================================
Device is Inserted On Driver : [Hub6 Port2] [VER:0, SN:9&2951710d&1#{53]
   Device is Pullouted.

< 15-05-13 09:46:07 >==============================================
Device is Inserted On Driver : [Hub6 Port2] [VER:0, SN:9&38cb7776&0#{53]
   Begin the USB Task...
   Step 1 disable...
   Begin Step 2... Action: Write, Chip: RAM, Address: 0xF8002000, File: D:\works\MINI DV\Data\secrecy\PRO\JH26XX\JH2651\Code\v001\writer\USBMassProductionTool/code/gp15b_ispbin.bin
   Step 2 - Start Time : 2015/05/13 AM 09:46:11:283
   Step 2 - End Time : 2015/05/13 AM 09:46:11:289
   Step 2 ok! Spent Time: 0.0s
   Begin Step 3... Action: Jump to Function, Chip: RAM, Address: 0xF8002000
   Step 3 - Start Time : 2015/05/13 AM 09:46:11:289
   Step 3 - End Time : 2015/05/13 AM 09:46:11:289
   Step 3 ok! Spent Time: 0.0s
   Begin Step 4... Action: Erase, Chip: SPI Nor Flash, Address: 0x0000, Length: 40
   Step 4 - Start Time : 2015/05/13 AM 09:46:11:289
   Step 4 - End Time : 2015/05/13 AM 09:46:26:981
   Step 4 ok! Spent Time: 15.694s
   Begin Step 5... Action: Write, Chip: SPI Nor Flash, Address: 0x0000, File: D:\works\MINI DV\Data\secrecy\PRO\JH26XX\JH2651\Code\v001\writer\USBMassProductionTool/output/cb_result.bin
   Step 5 - Start Time : 2015/05/13 AM 09:46:26:981
   Step 5 - End Time : 2015/05/13 AM 09:46:31:249
   Step 5 ok! Spent Time: 4.274s
   USB Task Finished! Spent Time: 19.968s
   Device is Pullouted.

< 15-05-13 09:51:23 >==============================================
Device is Inserted On Driver : [Hub6 Port2] [VER:0, SN:9&38cb7776&0#{53]
   Begin the USB Task...
   Step 1 disable...
   Begin Step 2... Action: Write, Chip: RAM, Address: 0xF8002000, File: D:\works\MINI DV\Data\secrecy\PRO\JH26XX\JH2651\Code\v001\writer\USBMassProductionTool/code/gp15b_ispbin.bin
   Step 2 - Start Time : 2015/05/13 AM 09:51:26:594
   Step 2 - End Time : 2015/05/13 AM 09:51:26:600
   Step 2 ok! Spent Time: 0.0s
   Begin Step 3... Action: Jump to Function, Chip: RAM, Address: 0xF8002000
   Step 3 - Start Time : 2015/05/13 AM 09:51:26:600
   Step 3 - End Time : 2015/05/13 AM 09:51:26:601
   Step 3 ok! Spent Time: 0.0s
   Begin Step 4... Action: Erase, Chip: SPI Nor Flash, Address: 0x0000, Length: 40
   Step 4 - Start Time : 2015/05/13 AM 09:51:26:601
   Step 4 - End Time : 2015/05/13 AM 09:51:42:493
   Step 4 ok! Spent Time: 15.897s
   Begin Step 5... Action: Write, Chip: SPI Nor Flash, Address: 0x0000, File: D:\works\MINI DV\Data\secrecy\PRO\JH26XX\JH2651\Code\v001\writer\USBMassProductionTool/output/cb_result.bin
   Step 5 - Start Time : 2015/05/13 AM 09:51:42:493
   Step 5 - End Time : 2015/05/13 AM 09:51:46:858
   Step 5 ok! Spent Time: 4.368s
   USB Task Finished! Spent Time: 20.265s
   Device is Pullouted.

< 15-05-13 09:53:17 >==============================================
Device is Inserted On Driver : [Hub6 Port2] [VER:0, SN:9&2951710d&1#{53]
   Device is Pullouted.

< 15-05-13 10:00:32 >==============================================
Device is Inserted On Driver : [Hub6 Port2] [VER:0, SN:9&38cb7776&0#{53]
   Begin the USB Task...
   Step 1 disable...
   Begin Step 2... Action: Write, Chip: RAM, Address: 0xF8002000, File: D:\works\MINI DV\Data\secrecy\PRO\JH26XX\JH2651\Code\v001\writer\USBMassProductionTool/code/gp15b_ispbin.bin
   Step 2 - Start Time : 2015/05/13 AM 10:00:34:293
   Step 2 - End Time : 2015/05/13 AM 10:00:34:301
   Step 2 ok! Spent Time: 0.0s
   Begin Step 3... Action: Jump to Function, Chip: RAM, Address: 0xF8002000
   Step 3 - Start Time : 2015/05/13 AM 10:00:34:305
   Step 3 - End Time : 2015/05/13 AM 10:00:34:306
   Step 3 ok! Spent Time: 0.16s
   Begin Step 4... Action: Erase, Chip: SPI Nor Flash, Address: 0x0000, Length: 40
   Step 4 - Start Time : 2015/05/13 AM 10:00:34:306
   Step 4 - End Time : 2015/05/13 AM 10:00:50:23
   Step 4 ok! Spent Time: 15.709s
   Begin Step 5... Action: Write, Chip: SPI Nor Flash, Address: 0x0000, File: D:\works\MINI DV\Data\secrecy\PRO\JH26XX\JH2651\Code\v001\writer\USBMassProductionTool/output/cb_result.bin
   Step 5 - Start Time : 2015/05/13 AM 10:00:50:23
   Step 5 - End Time : 2015/05/13 AM 10:00:54:357
   Step 5 ok! Spent Time: 4.337s
   USB Task Finished! Spent Time: 20.62s
   Device is Pullouted.

< 15-05-13 10:01:30 >==============================================
Device is Inserted On Driver : [Hub6 Port2] [VER:0, SN:9&2951710d&1#{53]
   Device is Pullouted.

< 15-05-13 10:01:43 >==============================================
Device is Inserted On Driver : [Hub6 Port2] [VER:0, SN:9&2951710d&1#{53]
   Device is Pullouted.

< 15-05-13 10:07:12 >==============================================
Device is Inserted On Driver : [Hub6 Port2] [VER:0, SN:9&38cb7776&0#{53]
   Begin the USB Task...
   Step 1 disable...
   Begin Step 2... Action: Write, Chip: RAM, Address: 0xF8002000, File: D:\works\MINI DV\Data\secrecy\PRO\JH26XX\JH2651\Code\v001\writer\USBMassProductionTool/code/gp15b_ispbin.bin
   Step 2 - Start Time : 2015/05/13 AM 10:07:14:275
   Step 2 - End Time : 2015/05/13 AM 10:07:14:281
   Step 2 ok! Spent Time: 0.16s
   Begin Step 3... Action: Jump to Function, Chip: RAM, Address: 0xF8002000
   Step 3 - Start Time : 2015/05/13 AM 10:07:14:281
   Step 3 - End Time : 2015/05/13 AM 10:07:14:282
   Step 3 ok! Spent Time: 0.0s
   Begin Step 4... Action: Erase, Chip: SPI Nor Flash, Address: 0x0000, Length: 40
   Step 4 - Start Time : 2015/05/13 AM 10:07:14:283
   Step 4 - End Time : 2015/05/13 AM 10:07:29:993
   Step 4 ok! Spent Time: 15.709s
   Begin Step 5... Action: Write, Chip: SPI Nor Flash, Address: 0x0000, File: D:\works\MINI DV\Data\secrecy\PRO\JH26XX\JH2651\Code\v001\writer\USBMassProductionTool/output/cb_result.bin
   Step 5 - Start Time : 2015/05/13 AM 10:07:29:994
   Step 5 - End Time : 2015/05/13 AM 10:07:34:321
   Step 5 ok! Spent Time: 4.321s
   USB Task Finished! Spent Time: 20.46s
   Device is Pullouted.

< 15-05-13 10:37:34 >==============================================
Device is Inserted On Driver : [Hub6 Port2] [VER:0, SN:9&2951710d&1#{53]
   Device is Pullouted.

< 15-05-13 10:50:02 >==============================================
Device is Inserted On Driver : [Hub6 Port2] [VER:0, SN:9&38cb7776&0#{53]
   Begin the USB Task...
   Step 1 disable...
   Begin Step 2... Action: Write, Chip: RAM, Address: 0xF8002000, File: D:\works\MINI DV\Data\secrecy\PRO\JH26XX\JH2651\Code\v001\writer\USBMassProductionTool/code/gp15b_ispbin.bin
   Step 2 - Start Time : 2015/05/13 AM 10:50:05:12
   Step 2 - End Time : 2015/05/13 AM 10:50:05:19
   Step 2 ok! Spent Time: 0.16s
   Begin Step 3... Action: Jump to Function, Chip: RAM, Address: 0xF8002000
   Step 3 - Start Time : 2015/05/13 AM 10:50:05:19
   Step 3 - End Time : 2015/05/13 AM 10:50:05:19
   Step 3 ok! Spent Time: 0.0s
   Begin Step 4... Action: Erase, Chip: SPI Nor Flash, Address: 0x0000, Length: 40
   Step 4 - Start Time : 2015/05/13 AM 10:50:05:21
   Step 4 - End Time : 2015/05/13 AM 10:50:20:978
   Step 4 ok! Spent Time: 15.959s
   Begin Step 5... Action: Write, Chip: SPI Nor Flash, Address: 0x0000, File: D:\works\MINI DV\Data\secrecy\PRO\JH26XX\JH2651\Code\v001\writer\USBMassProductionTool/output/cb_result.bin
   Step 5 - Start Time : 2015/05/13 AM 10:50:20:978
   Step 5 - End Time : 2015/05/13 AM 10:50:25:351
   Step 5 ok! Spent Time: 4.368s
   USB Task Finished! Spent Time: 20.343s
   Device is Pullouted.

< 15-05-13 11:02:17 >==============================================
Device is Inserted On Driver : [Hub6 Port2] [VER:0, SN:9&38cb7776&0#{53]
   Begin the USB Task...
   Step 1 disable...
   Begin Step 2... Action: Write, Chip: RAM, Address: 0xF8002000, File: D:\works\MINI DV\Data\secrecy\PRO\JH26XX\JH2651\Code\v001\writer\USBMassProductionTool/code/gp15b_ispbin.bin
   Step 2 - Start Time : 2015/05/13 AM 11:02:20:127
   Step 2 - End Time : 2015/05/13 AM 11:02:20:133
   Step 2 ok! Spent Time: 0.0s
   Begin Step 3... Action: Jump to Function, Chip: RAM, Address: 0xF8002000
   Step 3 - Start Time : 2015/05/13 AM 11:02:20:134
   Step 3 - End Time : 2015/05/13 AM 11:02:20:134
   Step 3 ok! Spent Time: 0.0s
   Begin Step 4... Action: Erase, Chip: SPI Nor Flash, Address: 0x0000, Length: 40
   Step 4 - Start Time : 2015/05/13 AM 11:02:20:134
   Step 4 - End Time : 2015/05/13 AM 11:02:35:834
   Step 4 ok! Spent Time: 15.694s
   Begin Step 5... Action: Write, Chip: SPI Nor Flash, Address: 0x0000, File: D:\works\MINI DV\Data\secrecy\PRO\JH26XX\JH2651\Code\v001\writer\USBMassProductionTool/output/cb_result.bin
   Step 5 - Start Time : 2015/05/13 AM 11:02:35:835
   Step 5 - End Time : 2015/05/13 AM 11:02:40:115
   Step 5 ok! Spent Time: 4.275s
   USB Task Finished! Spent Time: 19.984s
   Device is Pullouted.

< 15-05-13 11:02:50 >==============================================
Device is Inserted On Driver : [Hub6 Port2] [VER:0, SN:9&2951710d&1#{53]
   Device is Pullouted.

< 15-05-13 11:03:02 >==============================================
Device is Inserted On Driver : [Hub6 Port2] [VER:0, SN:9&2951710d&1#{53]
   Device is Pullouted.

< 15-05-13 11:15:00 >==============================================
Device is Inserted On Driver : [Hub6 Port2] [VER:0, SN:9&38cb7776&0#{53]
   Begin the USB Task...
   Step 1 disable...
   Begin Step 2... Action: Write, Chip: RAM, Address: 0xF8002000, File: D:\works\MINI DV\Data\secrecy\PRO\JH26XX\JH2651\Code\v001\writer\USBMassProductionTool/code/gp15b_ispbin.bin
   Step 2 - Start Time : 2015/05/13 AM 11:15:03:370
   Step 2 - End Time : 2015/05/13 AM 11:15:03:376
   Step 2 ok! Spent Time: 0.15s
   Begin Step 3... Action: Jump to Function, Chip: RAM, Address: 0xF8002000
   Step 3 - Start Time : 2015/05/13 AM 11:15:03:376
   Step 3 - End Time : 2015/05/13 AM 11:15:03:376
   Step 3 ok! Spent Time: 0.0s
   Begin Step 4... Action: Erase, Chip: SPI Nor Flash, Address: 0x0000, Length: 40
   Step 4 - Start Time : 2015/05/13 AM 11:15:03:376
   Step 4 - End Time : 2015/05/13 AM 11:15:19:119
   Step 4 ok! Spent Time: 15.741s
   Begin Step 5... Action: Write, Chip: SPI Nor Flash, Address: 0x0000, File: D:\works\MINI DV\Data\secrecy\PRO\JH26XX\JH2651\Code\v001\writer\USBMassProductionTool/output/cb_result.bin
   Step 5 - Start Time : 2015/05/13 AM 11:15:19:120
   Step 5 - End Time : 2015/05/13 AM 11:15:23:462
   Step 5 ok! Spent Time: 4.337s
   USB Task Finished! Spent Time: 20.93s
   Device is Pullouted.

< 15-05-13 11:28:14 >==============================================
Device is Inserted On Driver : [Hub6 Port2] [VER:0, SN:9&2951710d&1#{53]
   Device is Pullouted.

< 15-05-13 11:29:37 >==============================================
Device is Inserted On Driver : [Hub5 Port7] [VER:0, SN:8&39f0ded3&0#{53]
   Device is Pullouted.

< 15-05-13 11:30:46 >==============================================
Device is Inserted On Driver : [Hub5 Port7] [VER:0, SN:8&39f0ded3&0#{53]
   Device is Pullouted.

< 15-05-13 11:51:16 >==============================================
Device is Inserted On Driver : [Hub6 Port2] [VER:0, SN:9&38cb7776&0#{53]
   Begin the USB Task...
   Step 1 disable...
   Begin Step 2... Action: Write, Chip: RAM, Address: 0xF8002000, File: D:\works\MINI DV\Data\secrecy\PRO\JH26XX\JH2651\Code\v001\writer\USBMassProductionTool/code/gp15b_ispbin.bin
   Step 2 - Start Time : 2015/05/13 AM 11:51:18:460
   Step 2 - End Time : 2015/05/13 AM 11:51:18:475
   Step 2 ok! Spent Time: 0.15s
   Begin Step 3... Action: Jump to Function, Chip: RAM, Address: 0xF8002000
   Step 3 - Start Time : 2015/05/13 AM 11:51:18:480
   Step 3 - End Time : 2015/05/13 AM 11:51:18:484
   Step 3 ok! Spent Time: 0.16s
   Begin Step 4... Action: Erase, Chip: SPI Nor Flash, Address: 0x0000, Length: 40
   Step 4 - Start Time : 2015/05/13 AM 11:51:18:486
   Step 4 - End Time : 2015/05/13 AM 11:51:34:179
   Step 4 ok! Spent Time: 15.693s
   Begin Step 5... Action: Write, Chip: SPI Nor Flash, Address: 0x0000, File: D:\works\MINI DV\Data\secrecy\PRO\JH26XX\JH2651\Code\v001\writer\USBMassProductionTool/output/cb_result.bin
   Step 5 - Start Time : 2015/05/13 AM 11:51:34:181
   Step 5 - End Time : 2015/05/13 AM 11:51:38:515
   Step 5 ok! Spent Time: 4.337s
   USB Task Finished! Spent Time: 20.93s
   Device is Pullouted.

< 15-05-13 11:51:55 >==============================================
Device is Inserted On Driver : [Hub6 Port2] [VER:0, SN:9&2951710d&1#{53]
   Device is Pullouted.

< 15-05-13 11:52:42 >==============================================
Device is Inserted On Driver : [Hub6 Port2] [VER:0, SN:9&2951710d&1#{53]
   Device is Pullouted.

< 15-05-13 11:56:29 >==============================================
Device is Inserted On Driver : [Hub6 Port2] [VER:0, SN:9&2951710d&1#{53]
   Device is Pullouted.

< 15-05-13 13:34:35 >==============================================
Device is Inserted On Driver : [Hub6 Port2] [VER:0, SN:9&38cb7776&0#{53]
   Begin the USB Task...
   Step 1 disable...
   Begin Step 2... Action: Write, Chip: RAM, Address: 0xF8002000, File: D:\works\MINI DV\Data\secrecy\PRO\JH26XX\JH2651\Code\v001\writer\USBMassProductionTool/code/gp15b_ispbin.bin
   Step 2 - Start Time : 2015/05/13 PM 01:34:43:305
   Step 2 - End Time : 2015/05/13 PM 01:34:43:305
   Step 2 ok! Spent Time: 0.0s
   Begin Step 3... Action: Jump to Function, Chip: RAM, Address: 0xF8002000
   Step 3 - Start Time : 2015/05/13 PM 01:34:43:305
   Step 3 - End Time : 2015/05/13 PM 01:34:43:305
   Step 3 ok! Spent Time: 0.0s
   Begin Step 4... Action: Erase, Chip: SPI Nor Flash, Address: 0x0000, Length: 40
   Step 4 - Start Time : 2015/05/13 PM 01:34:43:305
   Step 4 - End Time : 2015/05/13 PM 01:34:58:983
   Step 4 ok! Spent Time: 15.678s
   Begin Step 5... Action: Write, Chip: SPI Nor Flash, Address: 0x0000, File: D:\works\MINI DV\Data\secrecy\PRO\JH26XX\JH2651\Code\v001\writer\USBMassProductionTool/output/cb_result.bin
   Step 5 - Start Time : 2015/05/13 PM 01:34:58:983
   Step 5 - End Time : 2015/05/13 PM 01:35:03:320
   Step 5 ok! Spent Time: 4.337s
   USB Task Finished! Spent Time: 20.15s
   Device is Pullouted.

< 15-05-13 13:36:03 >==============================================
Device is Inserted On Driver : [Hub6 Port2] [VER:0, SN:9&2951710d&1#{53]
   Device is Pullouted.

< 15-05-13 13:36:16 >==============================================
Device is Inserted On Driver : [Hub6 Port2] [VER:0, SN:9&2951710d&1#{53]
   Device is Pullouted.

< 15-05-13 13:37:52 >==============================================
Device is Inserted On Driver : [Hub6 Port2] [VER:0, SN:9&38cb7776&0#{53]
   Begin the USB Task...
   Step 1 disable...
   Begin Step 2... Action: Write, Chip: RAM, Address: 0xF8002000, File: D:\works\MINI DV\Data\secrecy\PRO\JH26XX\JH2651\Code\v001\writer\USBMassProductionTool/code/gp15b_ispbin.bin
   Step 2 - Start Time : 2015/05/13 PM 01:37:55:140
   Step 2 - End Time : 2015/05/13 PM 01:37:55:140
   Step 2 ok! Spent Time: 0.0s
   Begin Step 3... Action: Jump to Function, Chip: RAM, Address: 0xF8002000
   Step 3 - Start Time : 2015/05/13 PM 01:37:55:140
   Step 3 - End Time : 2015/05/13 PM 01:37:55:140
   Step 3 ok! Spent Time: 0.0s
   Begin Step 4... Action: Erase, Chip: SPI Nor Flash, Address: 0x0000, Length: 40
   Step 4 - Start Time : 2015/05/13 PM 01:37:55:140
   Step 4 - End Time : 2015/05/13 PM 01:38:10:928
   Step 4 ok! Spent Time: 15.787s
   Begin Step 5... Action: Write, Chip: SPI Nor Flash, Address: 0x0000, File: D:\works\MINI DV\Data\secrecy\PRO\JH26XX\JH2651\Code\v001\writer\USBMassProductionTool/output/cb_result.bin
   Step 5 - Start Time : 2015/05/13 PM 01:38:10:928
   Step 5 - End Time : 2015/05/13 PM 01:38:15:280
   Step 5 ok! Spent Time: 4.353s
   USB Task Finished! Spent Time: 20.140s
   Device is Pullouted.

< 15-05-13 13:38:29 >==============================================
Device is Inserted On Driver : [Hub6 Port2] [VER:0, SN:9&2951710d&1#{53]
   Device is Pullouted.

< 15-05-13 13:49:54 >==============================================
Device is Inserted On Driver : [Hub6 Port2] [VER:0, SN:9&38cb7776&0#{53]
   Begin the USB Task...
   Step 1 disable...
   Begin Step 2... Action: Write, Chip: RAM, Address: 0xF8002000, File: D:\works\MINI DV\Data\secrecy\PRO\JH26XX\JH2651\Code\v001\writer\USBMassProductionTool/code/gp15b_ispbin.bin
   Step 2 - Start Time : 2015/05/13 PM 01:49:55:776
   Step 2 - End Time : 2015/05/13 PM 01:49:55:838
   Step 2 ok! Spent Time: 0.63s
   Begin Step 3... Action: Jump to Function, Chip: RAM, Address: 0xF8002000
   Step 3 - Start Time : 2015/05/13 PM 01:49:55:838
   Step 3 - End Time : 2015/05/13 PM 01:49:55:838
   Step 3 ok! Spent Time: 0.0s
   Begin Step 4... Action: Erase, Chip: SPI Nor Flash, Address: 0x0000, Length: 40
   Step 4 - Start Time : 2015/05/13 PM 01:49:55:838
   Step 4 - End Time : 2015/05/13 PM 01:50:11:614
   Step 4 ok! Spent Time: 15.787s
   Begin Step 5... Action: Write, Chip: SPI Nor Flash, Address: 0x0000, File: D:\works\MINI DV\Data\secrecy\PRO\JH26XX\JH2651\Code\v001\writer\USBMassProductionTool/output/cb_result.bin
   Step 5 - Start Time : 2015/05/13 PM 01:50:11:614
   Step 5 - End Time : 2015/05/13 PM 01:50:15:936
   Step 5 ok! Spent Time: 4.321s
   USB Task Finished! Spent Time: 20.186s
   Device is Pullouted.

< 15-05-13 13:50:31 >==============================================
Device is Inserted On Driver : [Hub6 Port2] [VER:0, SN:9&2951710d&1#{53]
   Device is Pullouted.

< 15-05-13 13:53:18 >==============================================
Device is Inserted On Driver : [Hub6 Port2] [VER:0, SN:9&38cb7776&0#{53]
   Begin the USB Task...
   Step 1 disable...
   Begin Step 2... Action: Write, Chip: RAM, Address: 0xF8002000, File: D:\works\MINI DV\Data\secrecy\PRO\JH26XX\JH2651\Code\v001\writer\USBMassProductionTool/code/gp15b_ispbin.bin
   Step 2 - Start Time : 2015/05/13 PM 01:53:20:19
   Step 2 - End Time : 2015/05/13 PM 01:53:20:19
   Step 2 ok! Spent Time: 0.0s
   Begin Step 3... Action: Jump to Function, Chip: RAM, Address: 0xF8002000
   Step 3 - Start Time : 2015/05/13 PM 01:53:20:19
   Step 3 - End Time : 2015/05/13 PM 01:53:20:19
   Step 3 ok! Spent Time: 0.0s
   Begin Step 4... Action: Erase, Chip: SPI Nor Flash, Address: 0x0000, Length: 40
   Step 4 - Start Time : 2015/05/13 PM 01:53:20:19
   Step 4 - End Time : 2015/05/13 PM 01:53:35:763
   Step 4 ok! Spent Time: 15.741s
   Begin Step 5... Action: Write, Chip: SPI Nor Flash, Address: 0x0000, File: D:\works\MINI DV\Data\secrecy\PRO\JH26XX\JH2651\Code\v001\writer\USBMassProductionTool/output/cb_result.bin
   Step 5 - Start Time : 2015/05/13 PM 01:53:35:763
   Step 5 - End Time : 2015/05/13 PM 01:53:40:100
   Step 5 ok! Spent Time: 4.337s
   USB Task Finished! Spent Time: 20.93s
   Device is Pullouted.

< 15-05-13 14:07:04 >==============================================
Device is Inserted On Driver : [Hub6 Port2] [VER:0, SN:9&38cb7776&0#{53]
   Begin the USB Task...
   Step 1 disable...
   Begin Step 2... Action: Write, Chip: RAM, Address: 0xF8002000, File: D:\works\MINI DV\Data\secrecy\PRO\JH26XX\JH2651\Code\v001\writer\USBMassProductionTool/code/gp15b_ispbin.bin
   Step 2 - Start Time : 2015/05/13 PM 02:07:06:502
   Step 2 - End Time : 2015/05/13 PM 02:07:06:502
   Step 2 ok! Spent Time: 0.0s
   Begin Step 3... Action: Jump to Function, Chip: RAM, Address: 0xF8002000
   Step 3 - Start Time : 2015/05/13 PM 02:07:06:502
   Step 3 - End Time : 2015/05/13 PM 02:07:06:502
   Step 3 ok! Spent Time: 0.0s
   Begin Step 4... Action: Erase, Chip: SPI Nor Flash, Address: 0x0000, Length: 40
   Step 4 - Start Time : 2015/05/13 PM 02:07:06:502
   Step 4 - End Time : 2015/05/13 PM 02:07:22:227
   Step 4 ok! Spent Time: 15.725s
   Begin Step 5... Action: Write, Chip: SPI Nor Flash, Address: 0x0000, File: D:\works\MINI DV\Data\secrecy\PRO\JH26XX\JH2651\Code\v001\writer\USBMassProductionTool/output/cb_result.bin
   Step 5 - Start Time : 2015/05/13 PM 02:07:22:227
   Step 5 - End Time : 2015/05/13 PM 02:07:26:564
   Step 5 ok! Spent Time: 4.337s
   USB Task Finished! Spent Time: 20.62s
   Device is Pullouted.

< 15-05-13 14:07:43 >==============================================
Device is Inserted On Driver : [Hub6 Port2] [VER:0, SN:9&2951710d&1#{53]
   Device is Pullouted.

< 15-05-13 14:23:30 >==============================================
Device is Inserted On Driver : [Hub6 Port2] [VER:0, SN:9&38cb7776&0#{53]
   Begin the USB Task...
   Step 1 disable...
   Begin Step 2... Action: Write, Chip: RAM, Address: 0xF8002000, File: D:\works\MINI DV\Data\secrecy\PRO\JH26XX\JH2651\Code\v001\writer\USBMassProductionTool/code/gp15b_ispbin.bin
   Step 2 - Start Time : 2015/05/13 PM 02:23:32:06
   Step 2 - End Time : 2015/05/13 PM 02:23:32:21
   Step 2 ok! Spent Time: 0.16s
   Begin Step 3... Action: Jump to Function, Chip: RAM, Address: 0xF8002000
   Step 3 - Start Time : 2015/05/13 PM 02:23:32:21
   Step 3 - End Time : 2015/05/13 PM 02:23:32:21
   Step 3 ok! Spent Time: 0.0s
   Begin Step 4... Action: Erase, Chip: SPI Nor Flash, Address: 0x0000, Length: 40
   Step 4 - Start Time : 2015/05/13 PM 02:23:32:21
   Step 4 - End Time : 2015/05/13 PM 02:23:47:738
   Step 4 ok! Spent Time: 15.709s
   Begin Step 5... Action: Write, Chip: SPI Nor Flash, Address: 0x0000, File: D:\works\MINI DV\Data\secrecy\PRO\JH26XX\JH2651\Code\v001\writer\USBMassProductionTool/output/cb_result.bin
   Step 5 - Start Time : 2015/05/13 PM 02:23:47:738
   Step 5 - End Time : 2015/05/13 PM 02:23:52:106
   Step 5 ok! Spent Time: 4.368s
   USB Task Finished! Spent Time: 20.93s
   Device is Pullouted.

< 15-05-13 14:25:51 >==============================================
Device is Inserted On Driver : [Hub6 Port2] [VER:0, SN:9&2951710d&1#{53]
   Device is Pullouted.

< 15-05-13 14:29:01 >==============================================
Device is Inserted On Driver : [Hub6 Port2] [VER:0, SN:9&38cb7776&0#{53]
   Begin the USB Task...
   Step 1 disable...
   Begin Step 2... Action: Write, Chip: RAM, Address: 0xF8002000, File: D:\works\MINI DV\Data\secrecy\PRO\JH26XX\JH2651\Code\v001\writer\USBMassProductionTool/code/gp15b_ispbin.bin
   Step 2 - Start Time : 2015/05/13 PM 02:29:03:566
   Step 2 - End Time : 2015/05/13 PM 02:29:03:566
   Step 2 ok! Spent Time: 0.0s
   Begin Step 3... Action: Jump to Function, Chip: RAM, Address: 0xF8002000
   Step 3 - Start Time : 2015/05/13 PM 02:29:03:566
   Step 3 - End Time : 2015/05/13 PM 02:29:03:566
   Step 3 ok! Spent Time: 0.0s
   Begin Step 4... Action: Erase, Chip: SPI Nor Flash, Address: 0x0000, Length: 40
   Step 4 - Start Time : 2015/05/13 PM 02:29:03:566
   Step 4 - End Time : 2015/05/13 PM 02:29:19:306
   Step 4 ok! Spent Time: 15.740s
   Begin Step 5... Action: Write, Chip: SPI Nor Flash, Address: 0x0000, File: D:\works\MINI DV\Data\secrecy\PRO\JH26XX\JH2651\Code\v001\writer\USBMassProductionTool/output/cb_result.bin
   Step 5 - Start Time : 2015/05/13 PM 02:29:19:306
   Step 5 - End Time : 2015/05/13 PM 02:29:23:815
   Step 5 ok! Spent Time: 4.509s
   USB Task Finished! Spent Time: 20.249s
   Device is Pullouted.

< 15-05-13 14:29:41 >==============================================
Device is Inserted On Driver : [Hub6 Port2] [VER:0, SN:9&2951710d&1#{53]
   Device is Pullouted.

< 15-05-13 14:38:36 >==============================================
Device is Inserted On Driver : [Hub6 Port2] [VER:0, SN:9&38cb7776&0#{53]
   Begin the USB Task...
   Step 1 disable...
   Begin Step 2... Action: Write, Chip: RAM, Address: 0xF8002000, File: D:\works\MINI DV\Data\secrecy\PRO\JH26XX\JH2651\Code\v001\writer\USBMassProductionTool/code/gp15b_ispbin.bin
   Step 2 - Start Time : 2015/05/13 PM 02:38:38:732
   Step 2 - End Time : 2015/05/13 PM 02:38:38:747
   Step 2 ok! Spent Time: 0.15s
   Begin Step 3... Action: Jump to Function, Chip: RAM, Address: 0xF8002000
   Step 3 - Start Time : 2015/05/13 PM 02:38:38:747
   Step 3 - End Time : 2015/05/13 PM 02:38:38:747
   Step 3 ok! Spent Time: 0.0s
   Begin Step 4... Action: Erase, Chip: SPI Nor Flash, Address: 0x0000, Length: 40
   Step 4 - Start Time : 2015/05/13 PM 02:38:38:747
   Step 4 - End Time : 2015/05/13 PM 02:38:54:482
   Step 4 ok! Spent Time: 15.741s
   Begin Step 5... Action: Write, Chip: SPI Nor Flash, Address: 0x0000, File: D:\works\MINI DV\Data\secrecy\PRO\JH26XX\JH2651\Code\v001\writer\USBMassProductionTool/output/cb_result.bin
   Step 5 - Start Time : 2015/05/13 PM 02:38:54:482
   Step 5 - End Time : 2015/05/13 PM 02:38:59:06
   Step 5 ok! Spent Time: 4.524s
   USB Task Finished! Spent Time: 20.280s
   Device is Pullouted.

< 15-05-13 14:43:45 >==============================================
Device is Inserted On Driver : [Hub6 Port2] [VER:0, SN:9&38cb7776&0#{53]
   Begin the USB Task...
   Step 1 disable...
   Begin Step 2... Action: Write, Chip: RAM, Address: 0xF8002000, File: D:\works\MINI DV\Data\secrecy\PRO\JH26XX\JH2651\Code\v001\writer\USBMassProductionTool/code/gp15b_ispbin.bin
   Step 2 - Start Time : 2015/05/13 PM 02:43:48:409
   Step 2 - End Time : 2015/05/13 PM 02:43:48:440
   Step 2 ok! Spent Time: 0.32s
   Begin Step 3... Action: Jump to Function, Chip: RAM, Address: 0xF8002000
   Step 3 - Start Time : 2015/05/13 PM 02:43:48:455
   Step 3 - End Time : 2015/05/13 PM 02:43:48:471
   Step 3 ok! Spent Time: 0.0s
   Begin Step 4... Action: Erase, Chip: SPI Nor Flash, Address: 0x0000, Length: 40
   Step 4 - Start Time : 2015/05/13 PM 02:43:48:471
   Step 4 - End Time : 2015/05/13 PM 02:44:04:174
   Step 4 ok! Spent Time: 15.709s
   Begin Step 5... Action: Write, Chip: SPI Nor Flash, Address: 0x0000, File: D:\works\MINI DV\Data\secrecy\PRO\JH26XX\JH2651\Code\v001\writer\USBMassProductionTool/output/cb_result.bin
   Step 5 - Start Time : 2015/05/13 PM 02:44:04:174
   Step 5 - End Time : 2015/05/13 PM 02:44:08:698
   Step 5 ok! Spent Time: 4.524s
   USB Task Finished! Spent Time: 20.296s
   Device is Pullouted.

< 15-05-13 14:44:26 >==============================================
Device is Inserted On Driver : [Hub6 Port2] [VER:0, SN:9&2951710d&1#{53]
   Device is Pullouted.

< 15-05-13 14:44:53 >==============================================
Device is Inserted On Driver : [Hub6 Port2] [VER:0, SN:9&2951710d&1#{53]
   Device is Pullouted.

< 15-05-13 14:47:25 >==============================================
Device is Inserted On Driver : [Hub6 Port2] [VER:0, SN:9&38cb7776&0#{53]
   Begin the USB Task...
   Step 1 disable...
   Begin Step 2... Action: Write, Chip: RAM, Address: 0xF8002000, File: D:\works\MINI DV\Data\secrecy\PRO\JH26XX\JH2651\Code\v001\writer\USBMassProductionTool/code/gp15b_ispbin.bin
   Step 2 - Start Time : 2015/05/13 PM 02:47:27:612
   Step 2 - End Time : 2015/05/13 PM 02:47:27:628
   Step 2 ok! Spent Time: 0.16s
   Begin Step 3... Action: Jump to Function, Chip: RAM, Address: 0xF8002000
   Step 3 - Start Time : 2015/05/13 PM 02:47:27:628
   Step 3 - End Time : 2015/05/13 PM 02:47:27:628
   Step 3 ok! Spent Time: 0.0s
   Begin Step 4... Action: Erase, Chip: SPI Nor Flash, Address: 0x0000, Length: 40
   Step 4 - Start Time : 2015/05/13 PM 02:47:27:628
   Step 4 - End Time : 2015/05/13 PM 02:47:43:342
   Step 4 ok! Spent Time: 15.709s
   Begin Step 5... Action: Write, Chip: SPI Nor Flash, Address: 0x0000, File: D:\works\MINI DV\Data\secrecy\PRO\JH26XX\JH2651\Code\v001\writer\USBMassProductionTool/output/cb_result.bin
   Step 5 - Start Time : 2015/05/13 PM 02:47:43:342
   Step 5 - End Time : 2015/05/13 PM 02:47:47:839
   Step 5 ok! Spent Time: 4.493s
   USB Task Finished! Spent Time: 20.218s
   Device is Pullouted.

< 15-05-13 14:48:12 >==============================================
Device is Inserted On Driver : [Hub6 Port2] [VER:0, SN:9&2951710d&1#{53]
   Device is Pullouted.

< 15-05-13 14:48:46 >==============================================
Device is Inserted On Driver : [Hub6 Port2] [VER:0, SN:9&2951710d&1#{53]
   Device is Pullouted.

< 15-05-13 15:00:58 >==============================================
Device is Inserted On Driver : [Hub6 Port2] [VER:0, SN:9&38cb7776&0#{53]
   Begin the USB Task...
   Step 1 disable...
   Begin Step 2... Action: Write, Chip: RAM, Address: 0xF8002000, File: D:\works\MINI DV\Data\secrecy\PRO\JH26XX\JH2651\Code\v001\writer\USBMassProductionTool/code/gp15b_ispbin.bin
   Step 2 - Start Time : 2015/05/13 PM 03:01:01:07
   Step 2 - End Time : 2015/05/13 PM 03:01:01:22
   Step 2 ok! Spent Time: 0.16s
   Begin Step 3... Action: Jump to Function, Chip: RAM, Address: 0xF8002000
   Step 3 - Start Time : 2015/05/13 PM 03:01:01:22
   Step 3 - End Time : 2015/05/13 PM 03:01:01:22
   Step 3 ok! Spent Time: 0.0s
   Begin Step 4... Action: Erase, Chip: SPI Nor Flash, Address: 0x0000, Length: 40
   Step 4 - Start Time : 2015/05/13 PM 03:01:01:38
   Step 4 - End Time : 2015/05/13 PM 03:01:16:691
   Step 4 ok! Spent Time: 15.647s
   Begin Step 5... Action: Write, Chip: SPI Nor Flash, Address: 0x0000, File: D:\works\MINI DV\Data\secrecy\PRO\JH26XX\JH2651\Code\v001\writer\USBMassProductionTool/output/cb_result.bin
   Step 5 - Start Time : 2015/05/13 PM 03:01:16:691
   Step 5 - End Time : 2015/05/13 PM 03:01:21:183
   Step 5 ok! Spent Time: 4.493s
   USB Task Finished! Spent Time: 20.171s
   Device is Pullouted.

< 15-05-13 15:01:40 >==============================================
Device is Inserted On Driver : [Hub6 Port2] [VER:0, SN:9&2951710d&1#{53]
   Device is Pullouted.

< 15-05-13 15:02:08 >==============================================
Device is Inserted On Driver : [Hub6 Port2] [VER:0, SN:9&2951710d&1#{53]
   Device is Pullouted.

< 15-05-13 15:03:45 >==============================================
Device is Inserted On Driver : [Hub6 Port2] [VER:0, SN:9&38cb7776&0#{53]
   Begin the USB Task...
   Step 1 disable...
   Begin Step 2... Action: Write, Chip: RAM, Address: 0xF8002000, File: D:\works\MINI DV\Data\secrecy\PRO\JH26XX\JH2651\Code\v001\writer\USBMassProductionTool/code/gp15b_ispbin.bin
   Step 2 - Start Time : 2015/05/13 PM 03:03:47:89
   Step 2 - End Time : 2015/05/13 PM 03:03:47:105
   Step 2 ok! Spent Time: 0.15s
   Begin Step 3... Action: Jump to Function, Chip: RAM, Address: 0xF8002000
   Step 3 - Start Time : 2015/05/13 PM 03:03:47:105
   Step 3 - End Time : 2015/05/13 PM 03:03:47:105
   Step 3 ok! Spent Time: 0.0s
   Begin Step 4... Action: Erase, Chip: SPI Nor Flash, Address: 0x0000, Length: 40
   Step 4 - Start Time : 2015/05/13 PM 03:03:47:105
   Step 4 - End Time : 2015/05/13 PM 03:04:02:877
   Step 4 ok! Spent Time: 15.756s
   Begin Step 5... Action: Write, Chip: SPI Nor Flash, Address: 0x0000, File: D:\works\MINI DV\Data\secrecy\PRO\JH26XX\JH2651\Code\v001\writer\USBMassProductionTool/output/cb_result.bin
   Step 5 - Start Time : 2015/05/13 PM 03:04:02:877
   Step 5 - End Time : 2015/05/13 PM 03:04:07:401
   Step 5 ok! Spent Time: 4.524s
   USB Task Finished! Spent Time: 20.311s
   Device is Pullouted.

< 15-05-13 15:04:22 >==============================================
Device is Inserted On Driver : [Hub6 Port2] [VER:0, SN:9&2951710d&1#{53]
   Device is Pullouted.

< 15-05-13 15:08:53 >==============================================
Device is Inserted On Driver : [Hub6 Port2] [VER:0, SN:9&38cb7776&0#{53]
   Begin the USB Task...
   Step 1 disable...
   Begin Step 2... Action: Write, Chip: RAM, Address: 0xF8002000, File: D:\works\MINI DV\Data\secrecy\PRO\JH26XX\JH2651\Code\v001\writer\USBMassProductionTool/code/gp15b_ispbin.bin
   Step 2 - Start Time : 2015/05/13 PM 03:08:58:294
   Step 2 - End Time : 2015/05/13 PM 03:08:58:309
   Step 2 ok! Spent Time: 0.16s
   Begin Step 3... Action: Jump to Function, Chip: RAM, Address: 0xF8002000
   Step 3 - Start Time : 2015/05/13 PM 03:08:58:309
   Step 3 - End Time : 2015/05/13 PM 03:08:58:309
   Step 3 ok! Spent Time: 0.0s
   Begin Step 4... Action: Erase, Chip: SPI Nor Flash, Address: 0x0000, Length: 40
   Step 4 - Start Time : 2015/05/13 PM 03:08:58:309
   Step 4 - End Time : 2015/05/13 PM 03:09:14:191
   Step 4 ok! Spent Time: 15.881s
   Begin Step 5... Action: Write, Chip: SPI Nor Flash, Address: 0x0000, File: D:\works\MINI DV\Data\secrecy\PRO\JH26XX\JH2651\Code\v001\writer\USBMassProductionTool/output/cb_result.bin
   Step 5 - Start Time : 2015/05/13 PM 03:09:14:191
   Step 5 - End Time : 2015/05/13 PM 03:09:18:731
   Step 5 ok! Spent Time: 4.539s
   USB Task Finished! Spent Time: 20.436s
   Device is Pullouted.

< 15-05-13 15:09:40 >==============================================
Device is Inserted On Driver : [Hub6 Port2] [VER:0, SN:9&2951710d&1#{53]
   Device is Pullouted.

< 15-05-13 15:16:55 >==============================================
Device is Inserted On Driver : [Hub6 Port2] [VER:0, SN:9&38cb7776&0#{53]
   Begin the USB Task...
   Step 1 disable...
   Begin Step 2... Action: Write, Chip: RAM, Address: 0xF8002000, File: D:\works\MINI DV\Data\secrecy\PRO\JH26XX\JH2651\Code\v001\writer\USBMassProductionTool/code/gp15b_ispbin.bin
   Step 2 - Start Time : 2015/05/13 PM 03:16:58:02
   Step 2 - End Time : 2015/05/13 PM 03:16:58:08
   Step 2 ok! Spent Time: 0.16s
   Begin Step 3... Action: Jump to Function, Chip: RAM, Address: 0xF8002000
   Step 3 - Start Time : 2015/05/13 PM 03:16:58:08
   Step 3 - End Time : 2015/05/13 PM 03:16:58:09
   Step 3 ok! Spent Time: 0.0s
   Begin Step 4... Action: Erase, Chip: SPI Nor Flash, Address: 0x0000, Length: 40
   Step 4 - Start Time : 2015/05/13 PM 03:16:58:09
   Step 4 - End Time : 2015/05/13 PM 03:17:13:728
   Step 4 ok! Spent Time: 15.709s
   Begin Step 5... Action: Write, Chip: SPI Nor Flash, Address: 0x0000, File: D:\works\MINI DV\Data\secrecy\PRO\JH26XX\JH2651\Code\v001\writer\USBMassProductionTool/output/cb_result.bin
   Step 5 - Start Time : 2015/05/13 PM 03:17:13:728
   Step 5 - End Time : 2015/05/13 PM 03:17:18:252
   Step 5 ok! Spent Time: 4.524s
   USB Task Finished! Spent Time: 20.249s
   Device is Pullouted.

< 15-05-13 15:17:37 >==============================================
Device is Inserted On Driver : [Hub6 Port2] [VER:0, SN:9&2951710d&1#{53]
   Device is Pullouted.

< 15-05-13 15:18:53 >==============================================
Device is Inserted On Driver : [Hub6 Port2] [VER:0, SN:9&38cb7776&0#{53]
   Begin the USB Task...
   Step 1 disable...
   Begin Step 2... Action: Write, Chip: RAM, Address: 0xF8002000, File: D:\works\MINI DV\Data\secrecy\PRO\JH26XX\JH2651\Code\v001\writer\USBMassProductionTool/code/gp15b_ispbin.bin
   Step 2 - Start Time : 2015/05/13 PM 03:18:55:305
   Step 2 - End Time : 2015/05/13 PM 03:18:55:305
   Step 2 ok! Spent Time: 0.0s
   Begin Step 3... Action: Jump to Function, Chip: RAM, Address: 0xF8002000
   Step 3 - Start Time : 2015/05/13 PM 03:18:55:305
   Step 3 - End Time : 2015/05/13 PM 03:18:55:305
   Step 3 ok! Spent Time: 0.0s
   Begin Step 4... Action: Erase, Chip: SPI Nor Flash, Address: 0x0000, Length: 40
   Step 4 - Start Time : 2015/05/13 PM 03:18:55:305
   Step 4 - End Time : 2015/05/13 PM 03:19:11:61
   Step 4 ok! Spent Time: 15.756s
   Begin Step 5... Action: Write, Chip: SPI Nor Flash, Address: 0x0000, File: D:\works\MINI DV\Data\secrecy\PRO\JH26XX\JH2651\Code\v001\writer\USBMassProductionTool/output/cb_result.bin
   Step 5 - Start Time : 2015/05/13 PM 03:19:11:61
   Step 5 - End Time : 2015/05/13 PM 03:19:15:571
   Step 5 ok! Spent Time: 4.509s
   USB Task Finished! Spent Time: 20.281s
   Device is Pullouted.

< 15-05-13 15:39:29 >==============================================
Device is Inserted On Driver : [Hub6 Port2] [VER:0, SN:9&2951710d&1#{53]
   Device is Pullouted.

< 15-05-13 15:43:25 >==============================================
Device is Inserted On Driver : [Hub6 Port2] [VER:0, SN:9&38cb7776&0#{53]
   Begin the USB Task...
   Step 1 disable...
   Begin Step 2... Action: Write, Chip: RAM, Address: 0xF8002000, File: D:\works\MINI DV\Data\secrecy\PRO\JH26XX\JH2651\Code\v001\writer\USBMassProductionTool/code/gp15b_ispbin.bin
   Step 2 - Start Time : 2015/05/13 PM 03:43:27:592
   Step 2 - End Time : 2015/05/13 PM 03:43:27:607
   Step 2 ok! Spent Time: 0.16s
   Begin Step 3... Action: Jump to Function, Chip: RAM, Address: 0xF8002000
   Step 3 - Start Time : 2015/05/13 PM 03:43:27:607
   Step 3 - End Time : 2015/05/13 PM 03:43:27:607
   Step 3 ok! Spent Time: 0.0s
   Begin Step 4... Action: Erase, Chip: SPI Nor Flash, Address: 0x0000, Length: 40
   Step 4 - Start Time : 2015/05/13 PM 03:43:27:607
   Step 4 - End Time : 2015/05/13 PM 03:43:43:318
   Step 4 ok! Spent Time: 15.725s
   Begin Step 5... Action: Write, Chip: SPI Nor Flash, Address: 0x0000, File: D:\works\MINI DV\Data\secrecy\PRO\JH26XX\JH2651\Code\v001\writer\USBMassProductionTool/output/cb_result.bin
   Step 5 - Start Time : 2015/05/13 PM 03:43:43:334
   Step 5 - End Time : 2015/05/13 PM 03:43:47:827
   Step 5 ok! Spent Time: 4.493s
   USB Task Finished! Spent Time: 20.249s
   Device is Pullouted.

< 15-05-13 16:12:45 >==============================================
Device is Inserted On Driver : [Hub6 Port2] [VER:0, SN:9&38cb7776&0#{53]
   Begin the USB Task...
   Step 1 disable...
   Begin Step 2... Action: Write, Chip: RAM, Address: 0xF8002000, File: D:\works\MINI DV\Data\secrecy\PRO\JH26XX\JH2651\Code\v001\writer\USBMassProductionTool/code/gp15b_ispbin.bin
   Step 2 - Start Time : 2015/05/13 PM 04:12:47:579
   Step 2 - End Time : 2015/05/13 PM 04:12:47:579
   Step 2 ok! Spent Time: 0.0s
   Begin Step 3... Action: Jump to Function, Chip: RAM, Address: 0xF8002000
   Step 3 - Start Time : 2015/05/13 PM 04:12:47:594
   Step 3 - End Time : 2015/05/13 PM 04:12:47:594
   Step 3 ok! Spent Time: 0.0s
   Begin Step 4... Action: Erase, Chip: SPI Nor Flash, Address: 0x0000, Length: 40
   Step 4 - Start Time : 2015/05/13 PM 04:12:47:594
   Step 4 - End Time : 2015/05/13 PM 04:13:03:263
   Step 4 ok! Spent Time: 15.678s
   Begin Step 5... Action: Write, Chip: SPI Nor Flash, Address: 0x0000, File: D:\works\MINI DV\Data\secrecy\PRO\JH26XX\JH2651\Code\v001\writer\USBMassProductionTool/output/cb_result.bin
   Step 5 - Start Time : 2015/05/13 PM 04:13:03:263
   Step 5 - End Time : 2015/05/13 PM 04:13:07:755
   Step 5 ok! Spent Time: 4.493s
   USB Task Finished! Spent Time: 20.186s
   Device is Pullouted.

< 15-05-13 16:13:35 >==============================================
Device is Inserted On Driver : [Hub6 Port2] [VER:0, SN:9&2951710d&1#{53]
   Device is Pullouted.

< 15-05-13 16:22:36 >==============================================
Device is Inserted On Driver : [Hub6 Port2] [VER:0, SN:9&38cb7776&0#{53]
   Begin the USB Task...
   Step 1 disable...
   Begin Step 2... Action: Write, Chip: RAM, Address: 0xF8002000, File: D:\works\MINI DV\Data\secrecy\PRO\JH26XX\JH2651\Code\v001\writer\USBMassProductionTool/code/gp15b_ispbin.bin
   Step 2 - Start Time : 2015/05/13 PM 04:22:38:703
   Step 2 - End Time : 2015/05/13 PM 04:22:38:719
   Step 2 ok! Spent Time: 0.16s
   Begin Step 3... Action: Jump to Function, Chip: RAM, Address: 0xF8002000
   Step 3 - Start Time : 2015/05/13 PM 04:22:38:719
   Step 3 - End Time : 2015/05/13 PM 04:22:38:719
   Step 3 ok! Spent Time: 0.0s
   Begin Step 4... Action: Erase, Chip: SPI Nor Flash, Address: 0x0000, Length: 40
   Step 4 - Start Time : 2015/05/13 PM 04:22:38:719
   Step 4 - End Time : 2015/05/13 PM 04:22:54:383
   Step 4 ok! Spent Time: 15.662s
   Begin Step 5... Action: Write, Chip: SPI Nor Flash, Address: 0x0000, File: D:\works\MINI DV\Data\secrecy\PRO\JH26XX\JH2651\Code\v001\writer\USBMassProductionTool/output/cb_result.bin
   Step 5 - Start Time : 2015/05/13 PM 04:22:54:383
   Step 5 - End Time : 2015/05/13 PM 04:22:58:705
   Step 5 ok! Spent Time: 4.322s
   USB Task Finished! Spent Time: 20.0s
   Device is Pullouted.

< 15-05-13 16:23:21 >==============================================
Device is Inserted On Driver : [Hub6 Port2] [VER:0, SN:9&2951710d&1#{53]
   Device is Pullouted.

< 15-05-13 16:34:22 >==============================================
Device is Inserted On Driver : [Hub6 Port2] [VER:0, SN:9&38cb7776&0#{53]
   Begin the USB Task...
   Step 1 disable...
   Begin Step 2... Action: Write, Chip: RAM, Address: 0xF8002000, File: D:\works\MINI DV\Data\secrecy\PRO\JH26XX\JH2651\Code\v001\writer\USBMassProductionTool/code/gp15b_ispbin.bin
   Step 2 - Start Time : 2015/05/13 PM 04:34:24:306
   Step 2 - End Time : 2015/05/13 PM 04:34:24:321
   Step 2 ok! Spent Time: 0.15s
   Begin Step 3... Action: Jump to Function, Chip: RAM, Address: 0xF8002000
   Step 3 - Start Time : 2015/05/13 PM 04:34:24:321
   Step 3 - End Time : 2015/05/13 PM 04:34:24:321
   Step 3 ok! Spent Time: 0.0s
   Begin Step 4... Action: Erase, Chip: SPI Nor Flash, Address: 0x0000, Length: 40
   Step 4 - Start Time : 2015/05/13 PM 04:34:24:321
   Step 4 - End Time : 2015/05/13 PM 04:34:39:994
   Step 4 ok! Spent Time: 15.679s
   Begin Step 5... Action: Write, Chip: SPI Nor Flash, Address: 0x0000, File: D:\works\MINI DV\Data\secrecy\PRO\JH26XX\JH2651\Code\v001\writer\USBMassProductionTool/output/cb_result.bin
   Step 5 - Start Time : 2015/05/13 PM 04:34:39:994
   Step 5 - End Time : 2015/05/13 PM 04:34:44:330
   Step 5 ok! Spent Time: 4.336s
   USB Task Finished! Spent Time: 20.30s
   Device is Pullouted.

< 15-05-13 16:34:55 >==============================================
Device is Inserted On Driver : [Hub6 Port2] [VER:0, SN:9&2951710d&1#{53]
   Device is Pullouted.

< 15-05-13 16:35:09 >==============================================
Device is Inserted On Driver : [Hub6 Port2] [VER:0, SN:9&2951710d&1#{53]
   Device is Pullouted.
